Save directory: FoxA1_train_infC
Training file indices file: FoxA1_train_infC/FoxA1.train.peaks.h5
Caching training examples to HDF5 file!
Make sure there's more than 10 GB of space on current harddrive!
Creating FoxA1_train_infC/FoxA1.train_cache.h5
Creating DreamDataLoader object to pull training examples!
This file may take over an hour to generate!
Loading indices file FoxA1_train_infC/FoxA1.train.peaks.h5
Loading  selected indices from [10790742 25801137  4095701 ..., 29808567 30819285 15022932]
Num examples:  116475
Genome file is /media/storage/ENCODE_DREAM_LINK/hg19_genome/hg19.genome.fa
ChIP-seq training file is /media/storage/ENCODE_DREAM_LINK/ChIPseq/labels/FoxA1.train.labels.tsv.bgz
Cell types are: [u'HepG2']
Cell types (input): [u'HepG2']
Init DNA shape data
Init DNAse I chromatin accessibility data
DNase I accessibility training files: [u'DNASE.HepG2.fc.signal.bigwig']
Init RNA-seq data
Init genome annotation
Cell types in collection [u'HepG2']
Saving to output file FoxA1_train_infC/FoxA1.train_cache.h5
Wrote 0 entries
Wrote 1000 entries
Wrote 2000 entries
Wrote 3000 entries
Wrote 4000 entries
Wrote 5000 entries
Wrote 6000 entries
Wrote 7000 entries
Wrote 8000 entries
Wrote 9000 entries
Wrote 10000 entries
Wrote 11000 entries
Wrote 12000 entries
Wrote 13000 entries
Wrote 14000 entries
Wrote 15000 entries
Wrote 16000 entries
Wrote 17000 entries
Wrote 18000 entries
Wrote 19000 entries
Wrote 20000 entries
Wrote 21000 entries
Wrote 22000 entries
Wrote 23000 entries
Wrote 24000 entries
Wrote 25000 entries
Wrote 26000 entries
Wrote 27000 entries
Wrote 28000 entries
Wrote 29000 entries
Wrote 30000 entries
Wrote 31000 entries
Wrote 32000 entries
Wrote 33000 entries
Wrote 34000 entries
Wrote 35000 entries
Wrote 36000 entries
Wrote 37000 entries
Wrote 38000 entries
Wrote 39000 entries
Wrote 40000 entries
Wrote 41000 entries
Wrote 42000 entries
Wrote 43000 entries
Wrote 44000 entries
chrom window queried start of chromosome
Wrote 45000 entries
Wrote 46000 entries
Wrote 47000 entries
Wrote 48000 entries
Wrote 49000 entries
Wrote 50000 entries
Wrote 51000 entries
Wrote 52000 entries
Wrote 53000 entries
Wrote 54000 entries
Wrote 55000 entries
Wrote 56000 entries
Wrote 57000 entries
Wrote 58000 entries
Wrote 59000 entries
Wrote 60000 entries
Wrote 61000 entries
Wrote 62000 entries
Wrote 63000 entries
Wrote 64000 entries
Wrote 65000 entries
Dnase vals None detected. Attempting to convert None to mean
Wrote 66000 entries
Wrote 67000 entries
Wrote 68000 entries
Wrote 69000 entries
Wrote 70000 entries
Wrote 71000 entries
Wrote 72000 entries
Wrote 73000 entries
Wrote 74000 entries
Wrote 75000 entries
Wrote 76000 entries
Wrote 77000 entries
Wrote 78000 entries
Wrote 79000 entries
Wrote 80000 entries
Wrote 81000 entries
Wrote 82000 entries
Wrote 83000 entries
Wrote 84000 entries
Wrote 85000 entries
Wrote 86000 entries
Wrote 87000 entries
Wrote 88000 entries
Wrote 89000 entries
Wrote 90000 entries
Wrote 91000 entries
Wrote 92000 entries
Wrote 93000 entries
Wrote 94000 entries
Wrote 95000 entries
Wrote 96000 entries
Wrote 97000 entries
Wrote 98000 entries
Wrote 99000 entries
Wrote 100000 entries
Wrote 101000 entries
Wrote 102000 entries
Wrote 103000 entries
Wrote 104000 entries
Wrote 105000 entries
Wrote 106000 entries
Wrote 107000 entries
Wrote 108000 entries
No records detected in query region
Setting query to a default value
Wrote 109000 entries
Wrote 110000 entries
Wrote 111000 entries
Wrote 112000 entries
Wrote 113000 entries
Wrote 114000 entries
Wrote 115000 entries
Wrote 116000 entries
Finished writing data to file FoxA1_train_infC/FoxA1.train_cache.h5
Opening HDF5 data file: FoxA1_train_infC/FoxA1.train_cache.h5
Current mode is train
Total fc1 input vector length: 24150
Tensor("dna_max_pool1/Reshape:0", shape=(?, 7200), dtype=float32)
Tensor("dna_shape_max_pool1/Reshape:0", shape=(?, 4800), dtype=float32)
Tensor("dnase_max_pool1/Reshape:0", shape=(?, 12150), dtype=float32)
Initalizing variables for graph
No checkpoint found
Running training mode...
Step 0: loss = 647.5907 (0.811 sec)
Step 100: loss = 75.2375 (0.595 sec)
Step 200: loss = 69.3706 (0.595 sec)
Step 300: loss = 33.9871 (0.539 sec)
Step 400: loss = 22.4282 (0.577 sec)
Step 500: loss = 23.1744 (0.536 sec)
Step 600: loss = 20.2433 (0.540 sec)
Step 700: loss = 31.0822 (0.597 sec)
Step 800: loss = 27.2202 (0.531 sec)
Step 900: loss = 27.8546 (0.566 sec)
Step 1000: loss = 29.3295 (0.531 sec)
Step 1100: loss = 24.4261 (0.525 sec)
Step 1200: loss = 20.5064 (0.498 sec)
Step 1300: loss = 19.9546 (0.565 sec)
Step 1400: loss = 24.0648 (0.516 sec)
Step 1500: loss = 28.2697 (0.567 sec)
Step 1600: loss = 13.3368 (0.619 sec)
Step 1700: loss = 23.8618 (0.592 sec)
Step 1800: loss = 32.2525 (0.605 sec)
Starting on epoch 1
Step 1900: loss = 19.7449 (0.409 sec)
Step 2000: loss = 20.5653 (0.470 sec)
Step 2100: loss = 20.5032 (0.482 sec)
Step 2200: loss = 29.9965 (0.554 sec)
Step 2300: loss = 24.6048 (0.577 sec)
Step 2400: loss = 29.9593 (0.589 sec)
Step 2500: loss = 27.8586 (0.542 sec)
Step 2600: loss = 21.3305 (0.530 sec)
Step 2700: loss = 20.9768 (0.546 sec)
Step 2800: loss = 13.5393 (0.498 sec)
Step 2900: loss = 24.2561 (0.594 sec)
Step 3000: loss = 23.7592 (0.589 sec)
Step 3100: loss = 22.3852 (0.577 sec)
Step 3200: loss = 14.5784 (0.605 sec)
Step 3300: loss = 20.7825 (0.600 sec)
Step 3400: loss = 27.3647 (0.526 sec)
Step 3500: loss = 18.9186 (0.565 sec)
Step 3600: loss = 23.4121 (0.574 sec)
Starting on epoch 2
Step 3700: loss = 17.4079 (0.498 sec)
Step 3800: loss = 19.2475 (0.396 sec)
Step 3900: loss = 16.3711 (0.499 sec)
Step 4000: loss = 15.5048 (0.472 sec)
Step 4100: loss = 17.0802 (0.586 sec)
Step 4200: loss = 17.3683 (0.533 sec)
Step 4300: loss = 27.0771 (0.549 sec)
Step 4400: loss = 26.5011 (0.531 sec)
Step 4500: loss = 18.8770 (0.547 sec)
Step 4600: loss = 24.8342 (0.546 sec)
Step 4700: loss = 25.3152 (0.538 sec)
Step 4800: loss = 19.1552 (0.626 sec)
Step 4900: loss = 20.4886 (0.551 sec)
Step 5000: loss = 18.5460 (0.595 sec)
Step 5100: loss = 15.4092 (0.539 sec)
Step 5200: loss = 25.9171 (0.562 sec)
Step 5300: loss = 25.8725 (0.551 sec)
Step 5400: loss = 23.5660 (0.578 sec)
Starting on epoch 3
Step 5500: loss = 18.5632 (0.432 sec)
Step 5600: loss = 17.5480 (0.441 sec)
Step 5700: loss = 20.3056 (0.454 sec)
Step 5800: loss = 16.3363 (0.576 sec)
Step 5900: loss = 23.1149 (0.525 sec)
Step 6000: loss = 20.7108 (0.556 sec)
Step 6100: loss = 16.0674 (0.548 sec)
Step 6200: loss = 21.0753 (0.508 sec)
Step 6300: loss = 20.3333 (0.522 sec)
Step 6400: loss = 11.3953 (0.537 sec)
Step 6500: loss = 27.5912 (0.512 sec)
Step 6600: loss = 24.6804 (0.540 sec)
Step 6700: loss = 24.0044 (0.574 sec)
Step 6800: loss = 13.9289 (0.553 sec)
Step 6900: loss = 18.4185 (0.519 sec)
Step 7000: loss = 22.8770 (0.594 sec)
Step 7100: loss = 26.6735 (0.661 sec)
Step 7200: loss = 18.8530 (0.599 sec)
Starting on epoch 4
Step 7300: loss = 16.6881 (0.479 sec)
Step 7400: loss = 25.5330 (0.499 sec)
Step 7500: loss = 27.4118 (0.493 sec)
Step 7600: loss = 24.5898 (0.516 sec)
Step 7700: loss = 20.4486 (0.548 sec)
Step 7800: loss = 21.2486 (0.515 sec)
Step 7900: loss = 20.2141 (0.628 sec)
Step 8000: loss = 20.7491 (0.580 sec)
Step 8100: loss = 24.8680 (0.580 sec)
Step 8200: loss = 17.1505 (0.588 sec)
Step 8300: loss = 15.1435 (0.551 sec)
Step 8400: loss = 15.0978 (0.602 sec)
Step 8500: loss = 17.1456 (0.568 sec)
Step 8600: loss = 22.2055 (0.553 sec)
Step 8700: loss = 24.7462 (0.596 sec)
Step 8800: loss = 20.7479 (0.517 sec)
Step 8900: loss = 16.3590 (0.574 sec)
Step 9000: loss = 20.4513 (0.589 sec)
Starting on epoch 5
Step 9100: loss = 21.0250 (0.438 sec)
Step 9200: loss = 16.4432 (0.447 sec)
Step 9300: loss = 17.6520 (0.507 sec)
Step 9400: loss = 16.6620 (0.512 sec)
Step 9500: loss = 20.8464 (0.532 sec)
Step 9600: loss = 15.0734 (0.548 sec)
Step 9700: loss = 23.2133 (0.562 sec)
Step 9800: loss = 20.0575 (0.538 sec)
Step 9900: loss = 18.7466 (0.576 sec)
Step 10000: loss = 18.5465 (0.540 sec)
Step 10100: loss = 21.9430 (0.563 sec)
Step 10200: loss = 18.9379 (0.514 sec)
Step 10300: loss = 12.8941 (0.552 sec)
Step 10400: loss = 20.4263 (0.593 sec)
Step 10500: loss = 33.5779 (0.594 sec)
Step 10600: loss = 16.0168 (0.575 sec)
Step 10700: loss = 19.6426 (0.620 sec)
Step 10800: loss = 19.5746 (0.528 sec)
Step 10900: loss = 17.7384 (0.580 sec)
Starting on epoch 6
Step 11000: loss = 23.0868 (0.488 sec)
Step 11100: loss = 14.3629 (0.493 sec)
Step 11200: loss = 25.5682 (0.567 sec)
Step 11300: loss = 20.6008 (0.521 sec)
Step 11400: loss = 23.2029 (0.535 sec)
Step 11500: loss = 24.5093 (0.580 sec)
Step 11600: loss = 18.7129 (0.601 sec)
Step 11700: loss = 17.0535 (0.569 sec)
Step 11800: loss = 15.2773 (0.587 sec)
Step 11900: loss = 19.2209 (0.568 sec)
Step 12000: loss = 18.3450 (0.638 sec)
Step 12100: loss = 19.2391 (0.616 sec)
Step 12200: loss = 16.9100 (0.618 sec)
Step 12300: loss = 21.3030 (0.576 sec)
Step 12400: loss = 20.2142 (0.564 sec)
Step 12500: loss = 16.6804 (0.620 sec)
Step 12600: loss = 23.9113 (0.584 sec)
Step 12700: loss = 21.6554 (0.594 sec)
Starting on epoch 7
Step 12800: loss = 12.9490 (0.520 sec)
Step 12900: loss = 19.3807 (0.511 sec)
Step 13000: loss = 15.3129 (0.534 sec)
Step 13100: loss = 17.1710 (0.485 sec)
Step 13200: loss = 12.4823 (0.513 sec)
Step 13300: loss = 16.4609 (0.534 sec)
Step 13400: loss = 13.9112 (0.535 sec)
Step 13500: loss = 18.5437 (0.566 sec)
Step 13600: loss = 15.0486 (0.584 sec)
Step 13700: loss = 21.4863 (0.625 sec)
Step 13800: loss = 16.3264 (0.612 sec)
Step 13900: loss = 17.0698 (0.514 sec)
Step 14000: loss = 28.8196 (0.683 sec)
Step 14100: loss = 14.4935 (0.562 sec)
Step 14200: loss = 18.4585 (0.590 sec)
Step 14300: loss = 17.6236 (0.667 sec)
Step 14400: loss = 16.5106 (0.589 sec)
Step 14500: loss = 13.0483 (0.554 sec)
Starting on epoch 8
Step 14600: loss = 18.6339 (0.578 sec)
Step 14700: loss = 12.2383 (0.490 sec)
Step 14800: loss = 23.0866 (0.601 sec)
Step 14900: loss = 16.6400 (0.531 sec)
Step 15000: loss = 13.7399 (0.597 sec)
Step 15100: loss = 22.9155 (0.562 sec)
Step 15200: loss = 20.2216 (0.556 sec)
Step 15300: loss = 17.5702 (0.626 sec)
Step 15400: loss = 13.8307 (0.576 sec)
Step 15500: loss = 28.1396 (0.586 sec)
Step 15600: loss = 7.9163 (0.539 sec)
Step 15700: loss = 20.4726 (0.677 sec)
Step 15800: loss = 22.2030 (0.618 sec)
Step 15900: loss = 17.7842 (0.635 sec)
Step 16000: loss = 17.5509 (0.562 sec)
Step 16100: loss = 16.6105 (0.586 sec)
Step 16200: loss = 26.8369 (0.618 sec)
Step 16300: loss = 14.9554 (0.609 sec)
Starting on epoch 9
Step 16400: loss = 20.2930 (0.468 sec)
Step 16500: loss = 18.2162 (0.475 sec)
Step 16600: loss = 10.8663 (0.531 sec)
Step 16700: loss = 12.1465 (0.494 sec)
Step 16800: loss = 24.2019 (0.566 sec)
Step 16900: loss = 13.8607 (0.624 sec)
Step 17000: loss = 13.8638 (0.577 sec)
Step 17100: loss = 17.3581 (0.601 sec)
Step 17200: loss = 16.4082 (0.610 sec)
Step 17300: loss = 16.4575 (0.585 sec)
Step 17400: loss = 14.0359 (0.617 sec)
Step 17500: loss = 12.3026 (0.609 sec)
Step 17600: loss = 11.1587 (0.581 sec)
Step 17700: loss = 15.9883 (0.578 sec)
Step 17800: loss = 8.8177 (0.571 sec)
Step 17900: loss = 14.4396 (0.562 sec)
Step 18000: loss = 16.9034 (0.660 sec)
Step 18100: loss = 15.0023 (0.603 sec)
Starting on epoch 10
Step 18200: loss = 10.2324 (0.491 sec)
Step 18300: loss = 10.2592 (0.555 sec)
Step 18400: loss = 17.5225 (0.586 sec)
Step 18500: loss = 16.6252 (0.532 sec)
Step 18600: loss = 16.6400 (0.590 sec)
Step 18700: loss = 14.9698 (0.613 sec)
Step 18800: loss = 13.9749 (0.563 sec)
Step 18900: loss = 18.3623 (0.535 sec)
Step 19000: loss = 13.4795 (0.553 sec)
Step 19100: loss = 13.4245 (0.597 sec)
Step 19200: loss = 14.4269 (0.660 sec)
Step 19300: loss = 14.5635 (0.581 sec)
Step 19400: loss = 14.7372 (0.578 sec)
Step 19500: loss = 15.4147 (0.625 sec)
Step 19600: loss = 12.9359 (0.588 sec)
Step 19700: loss = 10.1390 (0.608 sec)
Step 19800: loss = 15.9883 (0.569 sec)
Step 19900: loss = 19.0526 (0.649 sec)
Step 20000: loss = 12.9110 (0.626 sec)
Starting on epoch 11
Step 20100: loss = 12.5794 (0.499 sec)
Step 20200: loss = 9.1148 (0.553 sec)
Step 20300: loss = 13.3388 (0.554 sec)
Step 20400: loss = 14.4552 (0.571 sec)
Step 20500: loss = 8.6220 (0.541 sec)
Step 20600: loss = 10.5550 (0.644 sec)
Step 20700: loss = 8.9394 (0.626 sec)
Step 20800: loss = 17.1107 (0.510 sec)
Step 20900: loss = 19.1411 (0.516 sec)
Step 21000: loss = 10.4733 (0.608 sec)
Step 21100: loss = 12.4123 (0.653 sec)
Step 21200: loss = 11.4469 (0.511 sec)
Step 21300: loss = 16.0268 (0.628 sec)
Step 21400: loss = 10.2908 (0.596 sec)
Step 21500: loss = 8.8769 (0.662 sec)
Step 21600: loss = 8.3561 (0.676 sec)
Step 21700: loss = 14.6606 (0.611 sec)
Step 21800: loss = 11.6196 (0.614 sec)
Starting on epoch 12
Step 21900: loss = 12.3277 (0.509 sec)
Step 22000: loss = 9.5021 (0.523 sec)
Step 22100: loss = 10.4597 (0.536 sec)
Step 22200: loss = 10.8766 (0.498 sec)
Step 22300: loss = 11.0819 (0.576 sec)
Step 22400: loss = 9.5587 (0.544 sec)
Step 22500: loss = 5.7043 (0.617 sec)
Step 22600: loss = 10.5306 (0.613 sec)
Step 22700: loss = 7.4364 (0.559 sec)
Step 22800: loss = 13.4453 (0.560 sec)
Step 22900: loss = 14.5765 (0.559 sec)
Step 23000: loss = 7.3504 (0.605 sec)
Step 23100: loss = 12.3114 (0.662 sec)
Step 23200: loss = 8.9503 (0.650 sec)
Step 23300: loss = 10.7695 (0.616 sec)
Step 23400: loss = 12.2974 (0.620 sec)
Step 23500: loss = 10.0222 (0.699 sec)
Step 23600: loss = 12.8142 (0.488 sec)
Starting on epoch 13
Step 23700: loss = 6.6399 (0.586 sec)
Step 23800: loss = 15.1425 (0.451 sec)
Step 23900: loss = 8.3996 (0.492 sec)
Step 24000: loss = 14.6138 (0.574 sec)
Step 24100: loss = 5.0621 (0.509 sec)
Step 24200: loss = 4.4709 (0.579 sec)
Step 24300: loss = 7.0588 (0.599 sec)
Step 24400: loss = 9.9740 (0.566 sec)
Step 24500: loss = 7.0654 (0.581 sec)
Step 24600: loss = 2.2601 (0.584 sec)
Step 24700: loss = 2.6961 (0.631 sec)
Step 24800: loss = 9.2355 (0.513 sec)
Step 24900: loss = 9.1500 (0.596 sec)
Step 25000: loss = 6.9562 (0.631 sec)
Step 25100: loss = 8.3908 (0.612 sec)
Step 25200: loss = 5.1720 (0.658 sec)
Step 25300: loss = 4.4359 (0.583 sec)
Step 25400: loss = 5.7117 (0.655 sec)
Starting on epoch 14
Step 25500: loss = 8.0052 (0.424 sec)
Step 25600: loss = 4.1351 (0.461 sec)
Step 25700: loss = 4.8996 (0.524 sec)
Step 25800: loss = 7.8814 (0.535 sec)
Step 25900: loss = 5.0987 (0.554 sec)
Step 26000: loss = 5.7575 (0.580 sec)
Step 26100: loss = 4.2058 (0.582 sec)
Step 26200: loss = 8.4318 (0.583 sec)
Step 26300: loss = 3.1354 (0.592 sec)
Step 26400: loss = 14.1498 (0.595 sec)
Step 26500: loss = 5.0589 (0.608 sec)
Step 26600: loss = 6.4408 (0.650 sec)
Step 26700: loss = 3.5715 (0.611 sec)
Step 26800: loss = 2.4194 (0.553 sec)
Step 26900: loss = 14.8351 (0.610 sec)
Step 27000: loss = 2.0879 (0.559 sec)
Step 27100: loss = 4.6190 (0.556 sec)
Step 27200: loss = 5.2400 (0.592 sec)
Starting on epoch 15
Step 27300: loss = 2.6278 (0.505 sec)
Step 27400: loss = 1.1981 (0.523 sec)
Step 27500: loss = 1.5220 (0.496 sec)
Step 27600: loss = 5.3726 (0.495 sec)
Step 27700: loss = 4.2533 (0.574 sec)
Step 27800: loss = 4.5392 (0.600 sec)
Step 27900: loss = 1.7860 (0.582 sec)
Step 28000: loss = 3.0505 (0.571 sec)
Step 28100: loss = 3.0045 (0.626 sec)
Step 28200: loss = 1.0891 (0.687 sec)
Step 28300: loss = 1.4275 (0.549 sec)
Step 28400: loss = 7.3977 (0.613 sec)
Step 28500: loss = 2.5335 (0.566 sec)
Step 28600: loss = 1.8786 (0.575 sec)
Step 28700: loss = 2.3605 (0.587 sec)
Step 28800: loss = 3.9164 (0.572 sec)
Step 28900: loss = 3.4200 (0.594 sec)
Step 29000: loss = 8.9480 (0.601 sec)
Step 29100: loss = 1.2302 (0.588 sec)
Starting on epoch 16
Step 29200: loss = 5.7860 (0.472 sec)
Step 29300: loss = 0.1805 (0.541 sec)
Step 29400: loss = 6.3633 (0.548 sec)
Step 29500: loss = 0.7649 (0.521 sec)
Step 29600: loss = 0.3109 (0.558 sec)
Step 29700: loss = 1.1411 (0.557 sec)
Step 29800: loss = 2.2756 (0.585 sec)
Step 29900: loss = 0.2832 (0.649 sec)
Step 30000: loss = 2.2198 (0.624 sec)
Step 30100: loss = 2.2414 (0.586 sec)
Step 30200: loss = 7.9567 (0.580 sec)
Step 30300: loss = 2.9773 (0.648 sec)
Step 30400: loss = 3.3117 (0.602 sec)
Step 30500: loss = 2.0613 (0.656 sec)
Step 30600: loss = 7.5530 (0.598 sec)
Step 30700: loss = 1.2440 (0.621 sec)
Step 30800: loss = 6.3793 (0.608 sec)
Step 30900: loss = 2.2173 (0.609 sec)
Starting on epoch 17
Step 31000: loss = 0.2716 (0.486 sec)
Step 31100: loss = 5.6483 (0.434 sec)
Step 31200: loss = 0.3098 (0.494 sec)
Step 31300: loss = 2.5914 (0.507 sec)
Step 31400: loss = 1.1117 (0.566 sec)
Step 31500: loss = 5.0282 (0.600 sec)
Step 31600: loss = 1.2715 (0.622 sec)
Step 31700: loss = 1.6457 (0.542 sec)
Step 31800: loss = 0.8469 (0.602 sec)
Step 31900: loss = 0.2936 (0.569 sec)
Step 32000: loss = 0.5014 (0.601 sec)
Step 32100: loss = 0.7685 (0.564 sec)
Step 32200: loss = 2.3623 (0.578 sec)
Step 32300: loss = 1.7704 (0.570 sec)
Step 32400: loss = 0.7829 (0.589 sec)
Step 32500: loss = 2.5632 (0.568 sec)
Step 32600: loss = 0.9617 (0.622 sec)
Step 32700: loss = 0.9946 (0.619 sec)
Starting on epoch 18
Step 32800: loss = 0.8227 (0.469 sec)
Step 32900: loss = 2.0305 (0.480 sec)
Step 33000: loss = 1.5535 (0.504 sec)
Step 33100: loss = 0.5128 (0.497 sec)
Step 33200: loss = 4.1162 (0.466 sec)
Step 33300: loss = 3.6112 (0.513 sec)
Step 33400: loss = 2.5847 (0.578 sec)
Step 33500: loss = 0.5779 (0.611 sec)
Step 33600: loss = 1.2383 (0.540 sec)
Step 33700: loss = 1.6055 (0.594 sec)
Step 33800: loss = 0.4749 (0.587 sec)
Step 33900: loss = 1.2651 (0.660 sec)
Step 34000: loss = 2.0047 (0.629 sec)
Step 34100: loss = 5.3504 (0.580 sec)
Step 34200: loss = 0.4278 (0.552 sec)
Step 34300: loss = 2.0657 (0.604 sec)
Step 34400: loss = 1.7757 (0.566 sec)
Step 34500: loss = 1.8968 (0.653 sec)
Starting on epoch 19
Step 34600: loss = 2.5685 (0.479 sec)
Step 34700: loss = 0.8022 (0.578 sec)
Step 34800: loss = 1.7848 (0.514 sec)
Step 34900: loss = 2.1114 (0.467 sec)
Step 35000: loss = 1.0765 (0.525 sec)
Step 35100: loss = 1.7719 (0.568 sec)
Step 35200: loss = 0.2992 (0.593 sec)
Step 35300: loss = 1.1599 (0.603 sec)
Step 35400: loss = 0.6501 (0.568 sec)
Step 35500: loss = 2.4446 (0.605 sec)
Step 35600: loss = 0.3567 (0.588 sec)
Step 35700: loss = 5.3090 (0.606 sec)
Step 35800: loss = 0.6546 (0.607 sec)
Step 35900: loss = 1.3389 (0.605 sec)
Step 36000: loss = 0.3068 (0.623 sec)
Step 36100: loss = 0.6983 (0.628 sec)
Step 36200: loss = 0.4197 (0.649 sec)
Step 36300: loss = 2.0433 (0.586 sec)
Starting on epoch 20
Step 36400: loss = 0.9153 (0.475 sec)
Step 36500: loss = 0.7713 (0.474 sec)
Step 36600: loss = 0.8270 (0.503 sec)
Step 36700: loss = 2.1141 (0.526 sec)
Step 36800: loss = 0.6769 (0.543 sec)
Step 36900: loss = 3.2014 (0.583 sec)
Step 37000: loss = 1.0105 (0.609 sec)
Step 37100: loss = 6.2783 (0.568 sec)
Step 37200: loss = 0.0515 (0.598 sec)
Step 37300: loss = 4.1864 (0.604 sec)
Step 37400: loss = 0.6041 (0.570 sec)
Step 37500: loss = 0.5057 (0.642 sec)
Step 37600: loss = 2.9609 (0.558 sec)
Step 37700: loss = 2.3413 (0.623 sec)
Step 37800: loss = 0.6836 (0.581 sec)
Step 37900: loss = 0.4110 (0.651 sec)
Step 38000: loss = 0.1893 (0.677 sec)
Step 38100: loss = 0.0741 (0.549 sec)
Step 38200: loss = 3.1200 (0.652 sec)
Starting on epoch 21
Step 38300: loss = 2.6120 (0.498 sec)
Step 38400: loss = 1.3154 (0.505 sec)
Step 38500: loss = 0.2451 (0.521 sec)
Step 38600: loss = 0.0909 (0.558 sec)
Step 38700: loss = 0.6291 (0.574 sec)
Step 38800: loss = 0.9623 (0.565 sec)
Step 38900: loss = 3.2792 (0.498 sec)
Step 39000: loss = 2.0135 (0.557 sec)
Step 39100: loss = 0.7634 (0.610 sec)
Step 39200: loss = 0.6977 (0.595 sec)
Step 39300: loss = 0.3553 (0.640 sec)
Step 39400: loss = 1.5337 (0.574 sec)
Step 39500: loss = 2.0875 (0.647 sec)
Step 39600: loss = 0.0505 (0.599 sec)
Step 39700: loss = 0.1450 (0.598 sec)
Step 39800: loss = 0.7004 (0.590 sec)
Step 39900: loss = 0.4575 (0.586 sec)
Saving on  FoxA1_train_infC/checkpoints/checkpoint_k0
Training Data Eval:
Finished evaluating an epoch
  Num examples: 116475  Num correct: 101359  Precision @ 1: 0.8702
Step 40000: loss = 0.2442 (0.303 sec)
Starting on epoch 22
Step 40100: loss = 0.6024 (0.516 sec)
Step 40200: loss = 0.3285 (0.471 sec)
Step 40300: loss = 0.1869 (0.479 sec)
Step 40400: loss = 0.2409 (0.584 sec)
Step 40500: loss = 0.4911 (0.580 sec)
Step 40600: loss = 0.5050 (0.549 sec)
Step 40700: loss = 1.5189 (0.545 sec)
Step 40800: loss = 0.4067 (0.605 sec)
Step 40900: loss = 0.5886 (0.615 sec)
Step 41000: loss = 0.3123 (0.580 sec)
Step 41100: loss = 0.1337 (0.601 sec)
Step 41200: loss = 0.1827 (0.584 sec)
Step 41300: loss = 0.1175 (0.633 sec)
Step 41400: loss = 0.3397 (0.567 sec)
Step 41500: loss = 3.7309 (0.595 sec)
Step 41600: loss = 0.0435 (0.622 sec)
Step 41700: loss = 0.1195 (0.639 sec)
Step 41800: loss = 0.0961 (0.642 sec)
Starting on epoch 23
Step 41900: loss = 0.1165 (0.480 sec)
Step 42000: loss = 0.0137 (0.524 sec)
Step 42100: loss = 0.2561 (0.511 sec)
Step 42200: loss = 0.0877 (0.600 sec)
Step 42300: loss = 0.9585 (0.414 sec)
Step 42400: loss = 3.8846 (0.555 sec)
Step 42500: loss = 0.4399 (0.546 sec)
Step 42600: loss = 0.3913 (0.625 sec)
Step 42700: loss = 0.0407 (0.622 sec)
Step 42800: loss = 1.2272 (0.559 sec)
Step 42900: loss = 8.7915 (0.529 sec)
Step 43000: loss = 0.1838 (0.583 sec)
Step 43100: loss = 0.4338 (0.589 sec)
Step 43200: loss = 0.2839 (0.679 sec)
Step 43300: loss = 0.1835 (0.597 sec)
Step 43400: loss = 1.7550 (0.523 sec)
Step 43500: loss = 2.7652 (0.636 sec)
Step 43600: loss = 0.6299 (0.572 sec)
Starting on epoch 24
Step 43700: loss = 0.0322 (0.487 sec)
Step 43800: loss = 0.3234 (0.459 sec)
Step 43900: loss = 0.0086 (0.557 sec)
Step 44000: loss = 1.8866 (0.525 sec)
Step 44100: loss = 0.1436 (0.530 sec)
Step 44200: loss = 0.9851 (0.549 sec)
Step 44300: loss = 0.1112 (0.614 sec)
Step 44400: loss = 0.7183 (0.584 sec)
Step 44500: loss = 0.0136 (0.598 sec)
Step 44600: loss = 1.1494 (0.557 sec)
Step 44700: loss = 0.1693 (0.558 sec)
Step 44800: loss = 0.7699 (0.556 sec)
Step 44900: loss = 0.1288 (0.568 sec)
Step 45000: loss = 0.1524 (0.544 sec)
Step 45100: loss = 0.4333 (0.613 sec)
Step 45200: loss = 0.3105 (0.546 sec)
Step 45300: loss = 1.3901 (0.640 sec)
Step 45400: loss = 0.5686 (0.531 sec)
Starting on epoch 25
Step 45500: loss = 0.3209 (0.469 sec)
Step 45600: loss = 0.2000 (0.511 sec)
Step 45700: loss = 0.0186 (0.538 sec)
Step 45800: loss = 0.5068 (0.496 sec)
Step 45900: loss = 0.4747 (0.453 sec)
Step 46000: loss = 0.2526 (0.515 sec)
Step 46100: loss = 0.6777 (0.590 sec)
Step 46200: loss = 0.2031 (0.562 sec)
Step 46300: loss = 0.1069 (0.572 sec)
Step 46400: loss = 0.1895 (0.552 sec)
Step 46500: loss = 3.3865 (0.575 sec)
Step 46600: loss = 0.3032 (0.584 sec)
Step 46700: loss = 1.4700 (0.544 sec)
Step 46800: loss = 0.0749 (0.612 sec)
Step 46900: loss = 0.3207 (0.599 sec)
Step 47000: loss = 0.6529 (0.610 sec)
Step 47100: loss = 0.8490 (0.650 sec)
Step 47200: loss = 1.2236 (0.615 sec)
Step 47300: loss = 0.6683 (0.576 sec)
Starting on epoch 26
Step 47400: loss = 0.0050 (0.478 sec)
Step 47500: loss = 0.4090 (0.489 sec)
Step 47600: loss = 2.3938 (0.454 sec)
Step 47700: loss = 2.3558 (0.497 sec)
Step 47800: loss = 5.5653 (0.583 sec)
Step 47900: loss = 0.1608 (0.527 sec)
Step 48000: loss = 0.0307 (0.500 sec)
Step 48100: loss = 1.1039 (0.607 sec)
Step 48200: loss = 0.5300 (0.585 sec)
Step 48300: loss = 0.0111 (0.568 sec)
Step 48400: loss = 7.6298 (0.553 sec)
Step 48500: loss = 4.8725 (0.542 sec)
Step 48600: loss = 0.2994 (0.555 sec)
Step 48700: loss = 0.0991 (0.636 sec)
Step 48800: loss = 0.2172 (0.561 sec)
Step 48900: loss = 0.0287 (0.614 sec)
Step 49000: loss = 0.9108 (0.633 sec)
Step 49100: loss = 0.1358 (0.573 sec)
Starting on epoch 27
Step 49200: loss = 0.0410 (0.493 sec)
Step 49300: loss = 0.2520 (0.549 sec)
Step 49400: loss = 0.5212 (0.525 sec)
Step 49500: loss = 2.3509 (0.551 sec)
Step 49600: loss = 2.4822 (0.527 sec)
Step 49700: loss = 0.0829 (0.604 sec)
Step 49800: loss = 0.0250 (0.560 sec)
Step 49900: loss = 0.7495 (0.564 sec)
Step 50000: loss = 0.0187 (0.556 sec)
Step 50100: loss = 0.0176 (0.519 sec)
Step 50200: loss = 4.5716 (0.587 sec)
Step 50300: loss = 0.0661 (0.606 sec)
Step 50400: loss = 0.1002 (0.594 sec)
Step 50500: loss = 0.0337 (0.555 sec)
Step 50600: loss = 0.3552 (0.569 sec)
Step 50700: loss = 0.0395 (0.636 sec)
Step 50800: loss = 2.4535 (0.583 sec)
Step 50900: loss = 0.0311 (0.592 sec)
Starting on epoch 28
Step 51000: loss = 0.4018 (0.458 sec)
Step 51100: loss = 4.8218 (0.483 sec)
Step 51200: loss = 0.4932 (0.511 sec)
Step 51300: loss = 0.0976 (0.525 sec)
Step 51400: loss = 0.3625 (0.488 sec)
Step 51500: loss = 0.1066 (0.578 sec)
Step 51600: loss = 0.4407 (0.535 sec)
Step 51700: loss = 0.1004 (0.528 sec)
Step 51800: loss = 0.9755 (0.545 sec)
Step 51900: loss = 0.5522 (0.561 sec)
Step 52000: loss = 0.0210 (0.555 sec)
Step 52100: loss = 0.0074 (0.545 sec)
Step 52200: loss = 0.0209 (0.614 sec)
Step 52300: loss = 0.0267 (0.578 sec)
Step 52400: loss = 0.9823 (0.555 sec)
Step 52500: loss = 0.0868 (0.542 sec)
Step 52600: loss = 0.5150 (0.628 sec)
Step 52700: loss = 0.5388 (0.584 sec)
Starting on epoch 29
Step 52800: loss = 0.2056 (0.455 sec)
Step 52900: loss = 0.0734 (0.493 sec)
Step 53000: loss = 0.3369 (0.490 sec)
Step 53100: loss = 0.0979 (0.504 sec)
Step 53200: loss = 0.0257 (0.524 sec)
Step 53300: loss = 0.0646 (0.509 sec)
Step 53400: loss = 2.9501 (0.617 sec)
Step 53500: loss = 2.3444 (0.566 sec)
Step 53600: loss = 1.8681 (0.588 sec)
Step 53700: loss = 0.0304 (0.518 sec)
Step 53800: loss = 1.1419 (0.582 sec)
Step 53900: loss = 3.1772 (0.533 sec)
Step 54000: loss = 0.1594 (0.620 sec)
Step 54100: loss = 3.8369 (0.603 sec)
Step 54200: loss = 0.6414 (0.576 sec)
Step 54300: loss = 0.1659 (0.610 sec)
Step 54400: loss = 0.1200 (0.521 sec)
Step 54500: loss = 0.2818 (0.543 sec)
Starting on epoch 30
Step 54600: loss = 0.0939 (0.409 sec)
Step 54700: loss = 2.3834 (0.509 sec)
Step 54800: loss = 0.4180 (0.545 sec)
Step 54900: loss = 0.0200 (0.508 sec)
Step 55000: loss = 1.7804 (0.457 sec)
Step 55100: loss = 0.0919 (0.568 sec)
Step 55200: loss = 0.0145 (0.540 sec)
Step 55300: loss = 0.1917 (0.553 sec)
Step 55400: loss = 0.3091 (0.527 sec)
Step 55500: loss = 0.1804 (0.597 sec)
Step 55600: loss = 1.9399 (0.616 sec)
Step 55700: loss = 0.0058 (0.558 sec)
Step 55800: loss = 0.0088 (0.516 sec)
Step 55900: loss = 0.2686 (0.575 sec)
Step 56000: loss = 0.0773 (0.489 sec)
Step 56100: loss = 0.0332 (0.633 sec)
Step 56200: loss = 0.0859 (0.555 sec)
Step 56300: loss = 0.8646 (0.604 sec)
Step 56400: loss = 2.6096 (0.618 sec)
Starting on epoch 31
Step 56500: loss = 0.0531 (0.413 sec)
Step 56600: loss = 0.0128 (0.510 sec)
Step 56700: loss = 0.0292 (0.525 sec)
Step 56800: loss = 0.0703 (0.487 sec)
Step 56900: loss = 0.3991 (0.540 sec)
Step 57000: loss = 0.0092 (0.527 sec)
Step 57100: loss = 0.1835 (0.508 sec)
Step 57200: loss = 0.0617 (0.551 sec)
Step 57300: loss = 0.0133 (0.528 sec)
Step 57400: loss = 0.2431 (0.548 sec)
Step 57500: loss = 0.0737 (0.545 sec)
Step 57600: loss = 0.1524 (0.496 sec)
Step 57700: loss = 0.2602 (0.584 sec)
Step 57800: loss = 0.3092 (0.574 sec)
Step 57900: loss = 0.2522 (0.541 sec)
Step 58000: loss = 0.0240 (0.587 sec)
Step 58100: loss = 0.0690 (0.515 sec)
Step 58200: loss = 0.1544 (0.525 sec)
Starting on epoch 32
Step 58300: loss = 0.0705 (0.458 sec)
Step 58400: loss = 0.0207 (0.448 sec)
Step 58500: loss = 0.0115 (0.508 sec)
Step 58600: loss = 0.0010 (0.475 sec)
Step 58700: loss = 0.0576 (0.427 sec)
Step 58800: loss = 0.5175 (0.519 sec)
Step 58900: loss = 4.5638 (0.525 sec)
Step 59000: loss = 1.3208 (0.489 sec)
Step 59100: loss = 0.6250 (0.581 sec)
Step 59200: loss = 0.1410 (0.536 sec)
Step 59300: loss = 3.1608 (0.547 sec)
Step 59400: loss = 0.0246 (0.578 sec)
Step 59500: loss = 1.4224 (0.575 sec)
Step 59600: loss = 1.0696 (0.548 sec)
Step 59700: loss = 1.4802 (0.617 sec)
Step 59800: loss = 0.0972 (0.710 sec)
Step 59900: loss = 0.2531 (0.762 sec)
Step 60000: loss = 1.3018 (0.741 sec)
Starting on epoch 33
Step 60100: loss = 0.0052 (0.639 sec)
Step 60200: loss = 2.0523 (0.668 sec)
Step 60300: loss = 0.0821 (0.589 sec)
Step 60400: loss = 4.3159 (0.669 sec)
Step 60500: loss = 0.5552 (0.652 sec)
Step 60600: loss = 0.2548 (0.610 sec)
Step 60700: loss = 0.0510 (0.603 sec)
Step 60800: loss = 0.4672 (0.619 sec)
Step 60900: loss = 0.4175 (0.636 sec)
Step 61000: loss = 0.0169 (0.645 sec)
Step 61100: loss = 0.4968 (0.589 sec)
Step 61200: loss = 0.0549 (0.602 sec)
Step 61300: loss = 0.5226 (0.618 sec)
Step 61400: loss = 0.0480 (0.641 sec)
Step 61500: loss = 0.0721 (0.628 sec)
Step 61600: loss = 0.1411 (0.656 sec)
Step 61700: loss = 0.6996 (0.676 sec)
Step 61800: loss = 0.3939 (0.682 sec)
Starting on epoch 34
Step 61900: loss = 0.6190 (0.769 sec)
Step 62000: loss = 0.0333 (0.912 sec)
Step 62100: loss = 0.0993 (0.941 sec)
Step 62200: loss = 0.1246 (0.811 sec)
Step 62300: loss = 1.1953 (0.937 sec)
Step 62400: loss = 0.0149 (0.835 sec)
Step 62500: loss = 2.5892 (0.863 sec)
Step 62600: loss = 3.3657 (0.921 sec)
Step 62700: loss = 0.0175 (0.905 sec)
Step 62800: loss = 1.3704 (0.943 sec)
Step 62900: loss = 0.0656 (0.748 sec)
Step 63000: loss = 0.1196 (0.751 sec)
Step 63100: loss = 0.0978 (0.720 sec)
Step 63200: loss = 3.5629 (0.645 sec)
Step 63300: loss = 0.1040 (0.674 sec)
Step 63400: loss = 1.9944 (0.703 sec)
Step 63500: loss = 0.0100 (0.902 sec)
Step 63600: loss = 0.0391 (0.662 sec)
Starting on epoch 35
Step 63700: loss = 0.0022 (0.674 sec)
Step 63800: loss = 0.3345 (0.639 sec)
Step 63900: loss = 0.0081 (0.509 sec)
Step 64000: loss = 0.2014 (0.572 sec)
Step 64100: loss = 0.0019 (0.716 sec)
Step 64200: loss = 0.0496 (0.576 sec)
Step 64300: loss = 0.0154 (0.729 sec)
Step 64400: loss = 0.0213 (0.748 sec)
Step 64500: loss = 0.3720 (0.600 sec)
Step 64600: loss = 2.4551 (0.611 sec)
Step 64700: loss = 0.6313 (0.587 sec)
Step 64800: loss = 0.5335 (0.693 sec)
Step 64900: loss = 0.4600 (0.600 sec)
Step 65000: loss = 0.1323 (0.529 sec)
Step 65100: loss = 0.1245 (0.599 sec)
Step 65200: loss = 0.1176 (0.630 sec)
Step 65300: loss = 0.0373 (0.633 sec)
Step 65400: loss = 0.1007 (0.610 sec)
Step 65500: loss = 0.0822 (0.618 sec)
Starting on epoch 36
Step 65600: loss = 0.0305 (0.535 sec)
Step 65700: loss = 0.0068 (0.527 sec)
Step 65800: loss = 0.4368 (0.672 sec)
Step 65900: loss = 0.0018 (0.630 sec)
Step 66000: loss = 0.0303 (0.726 sec)
Step 66100: loss = 0.0613 (1.084 sec)
Step 66200: loss = 0.2334 (0.705 sec)
Step 66300: loss = 0.6283 (0.713 sec)
Step 66400: loss = 0.0737 (0.854 sec)
Step 66500: loss = 0.0469 (0.846 sec)
Step 66600: loss = 0.0225 (0.918 sec)
Step 66700: loss = 0.0173 (0.649 sec)
Step 66800: loss = 0.0129 (0.572 sec)
Step 66900: loss = 0.0374 (0.537 sec)
Step 67000: loss = 0.0037 (0.555 sec)
Step 67100: loss = 0.0234 (0.703 sec)
Step 67200: loss = 0.2165 (0.600 sec)
Step 67300: loss = 0.0193 (0.573 sec)
Starting on epoch 37
Step 67400: loss = 0.0226 (0.649 sec)
Step 67500: loss = 0.0079 (0.688 sec)
Step 67600: loss = 3.1135 (0.614 sec)
Step 67700: loss = 0.0062 (0.563 sec)
Step 67800: loss = 0.6397 (0.604 sec)
Step 67900: loss = 0.3195 (0.666 sec)
Step 68000: loss = 0.1176 (0.588 sec)
Step 68100: loss = 0.0251 (0.763 sec)
Step 68200: loss = 0.0353 (0.755 sec)
Step 68300: loss = 0.0062 (0.627 sec)
Step 68400: loss = 0.0969 (0.652 sec)
Step 68500: loss = 0.0492 (0.607 sec)
Step 68600: loss = 0.0076 (0.647 sec)
Step 68700: loss = 0.0138 (0.694 sec)
Step 68800: loss = 0.0072 (1.372 sec)
Step 68900: loss = 0.3261 (0.725 sec)
Step 69000: loss = 0.0080 (0.748 sec)
Step 69100: loss = 0.0047 (0.816 sec)
Starting on epoch 38
Step 69200: loss = 0.0185 (0.683 sec)
Step 69300: loss = 0.0008 (0.615 sec)
Step 69400: loss = 0.2366 (0.692 sec)
Step 69500: loss = 0.0009 (0.674 sec)
Step 69600: loss = 0.0276 (0.727 sec)
Step 69700: loss = 0.0680 (0.960 sec)
Step 69800: loss = 0.0493 (0.819 sec)
Step 69900: loss = 0.0448 (0.694 sec)
Step 70000: loss = 0.0084 (0.759 sec)
Step 70100: loss = 0.0190 (0.722 sec)
Step 70200: loss = 1.9631 (0.729 sec)
Step 70300: loss = 0.0180 (0.720 sec)
Step 70400: loss = 0.0544 (0.761 sec)
Step 70500: loss = 0.1776 (0.768 sec)
Step 70600: loss = 0.5830 (0.748 sec)
Step 70700: loss = 0.1966 (0.926 sec)
Step 70800: loss = 0.0041 (0.769 sec)
Step 70900: loss = 0.0080 (0.760 sec)
Starting on epoch 39
Step 71000: loss = 0.1450 (0.613 sec)
Step 71100: loss = 0.8134 (0.757 sec)
Step 71200: loss = 1.5581 (0.661 sec)
Step 71300: loss = 1.0638 (0.664 sec)
Step 71400: loss = 17.1839 (0.749 sec)
Step 71500: loss = 0.3371 (0.765 sec)
Step 71600: loss = 0.0032 (0.743 sec)
Step 71700: loss = 0.7503 (0.668 sec)
Step 71800: loss = 1.2745 (0.750 sec)
Step 71900: loss = 1.6537 (0.636 sec)
Step 72000: loss = 0.0493 (0.626 sec)
Step 72100: loss = 0.1203 (0.692 sec)
Step 72200: loss = 0.0023 (0.747 sec)
Step 72300: loss = 0.0045 (0.725 sec)
Step 72400: loss = 0.7429 (0.660 sec)
Step 72500: loss = 0.0414 (0.720 sec)
Step 72600: loss = 0.5623 (0.673 sec)
Step 72700: loss = 0.3866 (0.733 sec)
Starting on epoch 40
Step 72800: loss = 0.0793 (0.680 sec)
Step 72900: loss = 0.0007 (0.676 sec)
Step 73000: loss = 0.0772 (0.642 sec)
Step 73100: loss = 0.2241 (0.724 sec)
Step 73200: loss = 0.9442 (0.712 sec)
Step 73300: loss = 0.7523 (0.687 sec)
Step 73400: loss = 0.0124 (0.691 sec)
Step 73500: loss = 0.0042 (0.704 sec)
Step 73600: loss = 0.0241 (0.709 sec)
Step 73700: loss = 0.0430 (0.771 sec)
Step 73800: loss = 1.0370 (0.746 sec)
Step 73900: loss = 0.0050 (0.701 sec)
Step 74000: loss = 0.6889 (0.737 sec)
Step 74100: loss = 0.4694 (0.773 sec)
Step 74200: loss = 0.1254 (0.736 sec)
Step 74300: loss = 0.1018 (0.760 sec)
Step 74400: loss = 0.3850 (0.683 sec)
Step 74500: loss = 0.0226 (0.682 sec)
Step 74600: loss = 0.0038 (0.661 sec)
Starting on epoch 41
Step 74700: loss = 0.0742 (0.477 sec)
Step 74800: loss = 0.0232 (0.513 sec)
Step 74900: loss = 0.1594 (0.554 sec)
Step 75000: loss = 1.1270 (0.544 sec)
Step 75100: loss = 1.4297 (0.619 sec)
Step 75200: loss = 0.0945 (0.608 sec)
Step 75300: loss = 0.0337 (0.669 sec)
Step 75400: loss = 0.1039 (0.582 sec)
Step 75500: loss = 0.0833 (0.642 sec)
Step 75600: loss = 0.1790 (0.640 sec)
Step 75700: loss = 0.0516 (0.640 sec)
Step 75800: loss = 0.1040 (0.572 sec)
Step 75900: loss = 1.9285 (0.633 sec)
Step 76000: loss = 0.0007 (0.662 sec)
Step 76100: loss = 0.0478 (0.646 sec)
Step 76200: loss = 0.0010 (0.722 sec)
Step 76300: loss = 0.6955 (0.629 sec)
Step 76400: loss = 2.4000 (0.658 sec)
Starting on epoch 42
Step 76500: loss = 0.0602 (0.566 sec)
Step 76600: loss = 0.0107 (0.553 sec)
Step 76700: loss = 0.1744 (0.539 sec)
Step 76800: loss = 0.0438 (0.673 sec)
Step 76900: loss = 0.1106 (0.609 sec)
Step 77000: loss = 0.1720 (0.576 sec)
Step 77100: loss = 1.4077 (0.591 sec)
Step 77200: loss = 0.0173 (0.556 sec)
Step 77300: loss = 0.0925 (0.654 sec)
Step 77400: loss = 0.1626 (0.601 sec)
Step 77500: loss = 0.0003 (0.619 sec)
Step 77600: loss = 0.0234 (0.619 sec)
Step 77700: loss = 0.1243 (0.648 sec)
Step 77800: loss = 0.8529 (0.692 sec)
Step 77900: loss = 0.0390 (0.619 sec)
Step 78000: loss = 0.0457 (0.633 sec)
Step 78100: loss = 0.1084 (0.679 sec)
Step 78200: loss = 1.6980 (0.597 sec)
Starting on epoch 43
Step 78300: loss = 0.0121 (0.542 sec)
Step 78400: loss = 1.0344 (0.535 sec)
Step 78500: loss = 0.1149 (0.621 sec)
Step 78600: loss = 0.0168 (0.640 sec)
Step 78700: loss = 0.0199 (0.591 sec)
Step 78800: loss = 0.0758 (0.625 sec)
Step 78900: loss = 0.8663 (0.609 sec)
Step 79000: loss = 0.0104 (0.622 sec)
Step 79100: loss = 0.0005 (0.678 sec)
Step 79200: loss = 0.0094 (0.659 sec)
Step 79300: loss = 0.8248 (0.685 sec)
Step 79400: loss = 0.0875 (0.618 sec)
Step 79500: loss = 0.1726 (0.574 sec)
Step 79600: loss = 0.0282 (0.659 sec)
Step 79700: loss = 0.0051 (0.624 sec)
Step 79800: loss = 0.1271 (0.599 sec)
Step 79900: loss = 0.0153 (0.646 sec)
Saving on  FoxA1_train_infC/checkpoints/checkpoint_k0
Training Data Eval:
Finished evaluating an epoch
  Num examples: 116475  Num correct: 103722  Precision @ 1: 0.8905
Step 80000: loss = 0.0318 (0.306 sec)
Starting on epoch 44
Step 80100: loss = 0.0832 (0.613 sec)
Step 80200: loss = 1.0968 (0.540 sec)
Step 80300: loss = 0.0951 (0.569 sec)
Step 80400: loss = 0.2025 (0.544 sec)
Step 80500: loss = 0.0255 (0.581 sec)
Step 80600: loss = 0.0008 (0.646 sec)
Step 80700: loss = 0.0095 (0.677 sec)
Step 80800: loss = 0.0222 (0.626 sec)
Step 80900: loss = 1.2361 (0.589 sec)
Step 81000: loss = 0.8694 (0.593 sec)
Step 81100: loss = 0.0504 (0.581 sec)
Step 81200: loss = 0.1863 (0.602 sec)
Step 81300: loss = 0.0035 (0.620 sec)
Step 81400: loss = 0.0516 (0.659 sec)
Step 81500: loss = 0.0005 (0.569 sec)
Step 81600: loss = 1.6364 (0.602 sec)
Step 81700: loss = 0.0322 (0.616 sec)
Step 81800: loss = 0.0061 (0.602 sec)
Starting on epoch 45
Step 81900: loss = 0.1100 (0.592 sec)
Step 82000: loss = 0.0030 (0.520 sec)
Step 82100: loss = 0.1269 (0.532 sec)
Step 82200: loss = 0.0844 (0.549 sec)
Step 82300: loss = 0.2637 (0.609 sec)
Step 82400: loss = 0.0004 (0.534 sec)
Step 82500: loss = 0.0033 (0.622 sec)
Step 82600: loss = 0.6935 (0.590 sec)
Step 82700: loss = 0.0218 (0.635 sec)
Step 82800: loss = 0.0095 (0.584 sec)
Step 82900: loss = 0.0041 (0.626 sec)
Step 83000: loss = 0.0408 (0.665 sec)
Step 83100: loss = 0.1980 (0.630 sec)
Step 83200: loss = 0.0073 (0.663 sec)
Step 83300: loss = 0.0063 (0.625 sec)
Step 83400: loss = 0.0387 (0.626 sec)
Step 83500: loss = 0.0150 (0.624 sec)
Step 83600: loss = 0.0047 (0.651 sec)
Step 83700: loss = 0.0079 (0.636 sec)
Starting on epoch 46
Step 83800: loss = 0.0196 (0.536 sec)
Step 83900: loss = 0.8288 (0.615 sec)
Step 84000: loss = 0.1633 (0.530 sec)
Step 84100: loss = 0.0155 (0.575 sec)
Step 84200: loss = 0.0395 (0.646 sec)
Step 84300: loss = 0.0003 (0.584 sec)
Step 84400: loss = 0.0189 (0.603 sec)
Step 84500: loss = 0.0101 (0.631 sec)
Step 84600: loss = 0.0373 (0.624 sec)
Step 84700: loss = 0.0005 (0.548 sec)
Step 84800: loss = 0.5619 (0.608 sec)
Step 84900: loss = 0.0479 (0.659 sec)
Step 85000: loss = 1.3715 (0.639 sec)
Step 85100: loss = 0.0142 (0.584 sec)
Step 85200: loss = 1.9669 (0.652 sec)
Step 85300: loss = 0.1870 (0.680 sec)
Step 85400: loss = 0.0117 (0.594 sec)
Step 85500: loss = 3.3068 (0.617 sec)
Starting on epoch 47
Step 85600: loss = 0.1907 (0.536 sec)
Step 85700: loss = 0.0002 (0.560 sec)
Step 85800: loss = 0.0122 (0.564 sec)
Step 85900: loss = 0.0298 (0.614 sec)
Step 86000: loss = 0.0019 (0.594 sec)
Step 86100: loss = 0.0092 (0.610 sec)
Step 86200: loss = 3.9844 (0.574 sec)
Step 86300: loss = 0.0488 (0.578 sec)
Step 86400: loss = 0.0004 (0.622 sec)
Step 86500: loss = 0.0014 (0.663 sec)
Step 86600: loss = 0.1156 (0.635 sec)
Step 86700: loss = 0.0056 (0.580 sec)
Step 86800: loss = 0.4765 (0.609 sec)
Step 86900: loss = 0.0580 (0.683 sec)
Step 87000: loss = 0.0056 (0.638 sec)
Step 87100: loss = 0.0072 (0.616 sec)
Step 87200: loss = 0.1369 (0.626 sec)
Step 87300: loss = 0.3384 (0.650 sec)
Starting on epoch 48
Step 87400: loss = 0.0010 (0.507 sec)
Step 87500: loss = 0.2818 (0.499 sec)
Step 87600: loss = 0.0055 (0.518 sec)
Step 87700: loss = 1.1978 (0.547 sec)
Step 87800: loss = 0.0789 (0.557 sec)
Step 87900: loss = 0.2742 (0.602 sec)
Step 88000: loss = 0.0801 (0.559 sec)
Step 88100: loss = 0.0022 (0.599 sec)
Step 88200: loss = 0.0093 (0.599 sec)
Step 88300: loss = 0.1945 (0.624 sec)
Step 88400: loss = 0.0046 (0.637 sec)
Step 88500: loss = 1.3695 (0.718 sec)
Step 88600: loss = 0.0008 (0.605 sec)
Step 88700: loss = 0.0766 (0.650 sec)
Step 88800: loss = 0.0143 (0.613 sec)
Step 88900: loss = 0.0167 (0.575 sec)
Step 89000: loss = 0.0017 (0.641 sec)
Step 89100: loss = 0.0968 (0.613 sec)
Starting on epoch 49
Step 89200: loss = 0.0013 (0.508 sec)
Step 89300: loss = 4.4705 (0.580 sec)
Step 89400: loss = 0.3290 (0.538 sec)
Step 89500: loss = 0.8924 (0.552 sec)
Step 89600: loss = 0.0145 (0.619 sec)
Step 89700: loss = 0.0424 (0.594 sec)
Step 89800: loss = 0.5253 (0.661 sec)
Step 89900: loss = 0.0063 (0.697 sec)
Step 90000: loss = 0.0096 (0.624 sec)
Step 90100: loss = 0.0002 (0.609 sec)
Step 90200: loss = 0.0034 (0.607 sec)
Step 90300: loss = 0.0347 (0.646 sec)
Step 90400: loss = 0.0050 (0.641 sec)
Step 90500: loss = 0.0433 (0.674 sec)
Step 90600: loss = 2.6518 (0.658 sec)
Step 90700: loss = 0.7066 (0.666 sec)
Step 90800: loss = 0.0158 (0.617 sec)
Step 90900: loss = 3.3650 (0.661 sec)
Starting on epoch 50
Step 91000: loss = 0.0380 (0.499 sec)
Step 91100: loss = 0.1823 (0.492 sec)
Step 91200: loss = 0.0070 (0.572 sec)
Step 91300: loss = 0.1122 (0.601 sec)
Step 91400: loss = 0.0006 (0.553 sec)
Step 91500: loss = 2.3576 (0.604 sec)
Step 91600: loss = 0.0062 (0.612 sec)
Step 91700: loss = 0.0254 (0.633 sec)
Step 91800: loss = 0.0212 (0.620 sec)
Step 91900: loss = 0.0001 (0.614 sec)
Step 92000: loss = 0.0349 (0.646 sec)
Step 92100: loss = 0.0403 (0.597 sec)
Step 92200: loss = 0.0065 (0.632 sec)
Step 92300: loss = 0.1889 (0.672 sec)
Step 92400: loss = 0.1975 (0.605 sec)
Step 92500: loss = 0.0205 (0.682 sec)
Step 92600: loss = 0.2735 (0.618 sec)
Step 92700: loss = 0.0093 (0.633 sec)
Step 92800: loss = 0.0074 (0.625 sec)
Starting on epoch 51
Step 92900: loss = 0.0002 (0.567 sec)
Step 93000: loss = 0.0058 (0.603 sec)
Step 93100: loss = 0.0124 (0.559 sec)
Step 93200: loss = 0.0501 (0.582 sec)
Step 93300: loss = 0.2852 (0.584 sec)
Step 93400: loss = 0.0166 (0.607 sec)
Step 93500: loss = 0.1728 (0.643 sec)
Step 93600: loss = 0.0177 (0.638 sec)
Step 93700: loss = 0.0067 (0.595 sec)
Step 93800: loss = 0.0038 (0.581 sec)
Step 93900: loss = 0.0081 (0.578 sec)
Step 94000: loss = 0.1783 (0.626 sec)
Step 94100: loss = 0.0003 (0.573 sec)
Step 94200: loss = 1.6916 (0.662 sec)
Step 94300: loss = 0.0008 (0.626 sec)
Step 94400: loss = 0.0141 (0.600 sec)
Step 94500: loss = 0.0343 (0.695 sec)
Step 94600: loss = 4.7899 (0.606 sec)
Starting on epoch 52
Step 94700: loss = 0.1538 (0.534 sec)
Step 94800: loss = 0.0857 (0.549 sec)
Step 94900: loss = 0.0155 (0.592 sec)
Step 95000: loss = 0.0017 (0.583 sec)
Step 95100: loss = 0.0036 (0.641 sec)
Step 95200: loss = 0.0000 (0.630 sec)
Step 95300: loss = 4.3167 (0.623 sec)
Step 95400: loss = 0.0066 (0.545 sec)
Step 95500: loss = 0.0078 (0.638 sec)
Step 95600: loss = 1.1353 (0.627 sec)
Step 95700: loss = 0.1038 (0.577 sec)
Step 95800: loss = 0.0268 (0.574 sec)
Step 95900: loss = 0.0144 (0.605 sec)
Step 96000: loss = 0.0076 (0.585 sec)
Step 96100: loss = 0.0259 (0.695 sec)
Step 96200: loss = 0.0203 (0.686 sec)
Step 96300: loss = 0.0496 (0.621 sec)
Step 96400: loss = 0.1132 (0.577 sec)
Starting on epoch 53
Step 96500: loss = 0.0039 (0.534 sec)
Step 96600: loss = 0.0015 (0.521 sec)
Step 96700: loss = 0.0002 (0.601 sec)
Step 96800: loss = 0.0018 (0.564 sec)
Step 96900: loss = 0.0004 (0.585 sec)
Step 97000: loss = 2.0449 (0.574 sec)
Step 97100: loss = 0.0140 (0.624 sec)
Step 97200: loss = 0.0343 (0.565 sec)
Step 97300: loss = 0.0267 (0.651 sec)
Step 97400: loss = 0.0042 (0.628 sec)
Step 97500: loss = 0.0121 (0.611 sec)
Step 97600: loss = 0.0056 (0.657 sec)
Step 97700: loss = 0.0019 (0.668 sec)
Step 97800: loss = 0.0182 (0.625 sec)
Step 97900: loss = 0.2649 (0.596 sec)
Step 98000: loss = 0.1101 (0.596 sec)
Step 98100: loss = 0.0028 (0.680 sec)
Step 98200: loss = 0.2228 (0.677 sec)
Starting on epoch 54
Step 98300: loss = 0.0021 (0.534 sec)
Step 98400: loss = 3.1937 (0.565 sec)
Step 98500: loss = 0.1388 (0.509 sec)
Step 98600: loss = 0.0212 (0.576 sec)
Step 98700: loss = 2.2121 (0.622 sec)
Step 98800: loss = 4.1677 (0.578 sec)
Step 98900: loss = 0.0037 (0.574 sec)
Step 99000: loss = 2.2308 (0.631 sec)
Step 99100: loss = 0.0808 (0.612 sec)
Step 99200: loss = 0.1593 (0.620 sec)
Step 99300: loss = 0.4335 (0.551 sec)
Step 99400: loss = 0.0095 (0.639 sec)
Step 99500: loss = 0.0342 (0.611 sec)
Step 99600: loss = 0.2078 (0.600 sec)
Step 99700: loss = 0.1747 (0.628 sec)
Step 99800: loss = 0.0095 (0.603 sec)
Step 99900: loss = 0.0974 (0.690 sec)
Step 100000: loss = 0.0205 (0.625 sec)
Starting on epoch 55
Step 100100: loss = 0.0020 (0.536 sec)
Step 100200: loss = 0.0293 (0.587 sec)
Step 100300: loss = 0.1610 (0.546 sec)
Step 100400: loss = 0.0007 (0.564 sec)
Step 100500: loss = 0.0003 (0.693 sec)
Step 100600: loss = 0.0103 (0.660 sec)
Step 100700: loss = 0.2480 (0.590 sec)
Step 100800: loss = 0.0123 (0.595 sec)
Step 100900: loss = 0.0033 (0.603 sec)
Step 101000: loss = 0.0190 (0.601 sec)
Step 101100: loss = 0.0011 (0.533 sec)
Step 101200: loss = 0.2213 (0.726 sec)
Step 101300: loss = 0.0522 (0.620 sec)
Step 101400: loss = 1.3043 (0.642 sec)
Step 101500: loss = 0.0018 (0.604 sec)
Step 101600: loss = 0.0166 (0.649 sec)
Step 101700: loss = 0.0012 (0.637 sec)
Step 101800: loss = 0.0076 (0.597 sec)
Step 101900: loss = 0.0165 (0.621 sec)
Starting on epoch 56
Step 102000: loss = 0.0123 (0.531 sec)
Step 102100: loss = 0.1960 (0.566 sec)
Step 102200: loss = 0.0062 (0.632 sec)
Step 102300: loss = 0.0022 (0.589 sec)
Step 102400: loss = 0.0031 (0.587 sec)
Step 102500: loss = 0.0071 (0.593 sec)
Step 102600: loss = 0.2330 (0.615 sec)
Step 102700: loss = 0.4112 (0.589 sec)
Step 102800: loss = 0.1380 (0.646 sec)
Step 102900: loss = 0.2050 (0.553 sec)
Step 103000: loss = 0.0002 (0.646 sec)
Step 103100: loss = 0.0006 (0.659 sec)
Step 103200: loss = 0.3003 (0.717 sec)
Step 103300: loss = 0.0098 (0.630 sec)
Step 103400: loss = 1.3737 (0.687 sec)
Step 103500: loss = 0.0084 (0.633 sec)
Step 103600: loss = 0.0096 (0.624 sec)
Step 103700: loss = 0.0059 (0.655 sec)
Starting on epoch 57
Step 103800: loss = 2.3591 (0.566 sec)
Step 103900: loss = 0.0590 (0.564 sec)
Step 104000: loss = 0.1283 (0.550 sec)
Step 104100: loss = 0.0005 (0.579 sec)
Step 104200: loss = 0.0131 (0.521 sec)
Step 104300: loss = 0.3691 (0.626 sec)
Step 104400: loss = 0.0101 (0.546 sec)
Step 104500: loss = 0.6466 (0.620 sec)
Step 104600: loss = 0.2467 (0.588 sec)
Step 104700: loss = 4.8035 (0.616 sec)
Step 104800: loss = 0.0399 (0.570 sec)
Step 104900: loss = 0.0011 (0.611 sec)
Step 105000: loss = 0.0061 (0.590 sec)
Step 105100: loss = 0.0006 (0.664 sec)
Step 105200: loss = 0.0000 (0.648 sec)
Step 105300: loss = 0.2808 (0.634 sec)
Step 105400: loss = 0.1766 (0.651 sec)
Step 105500: loss = 0.0765 (0.597 sec)
Starting on epoch 58
Step 105600: loss = 0.0027 (0.514 sec)
Step 105700: loss = 0.0297 (0.600 sec)
Step 105800: loss = 0.0199 (0.619 sec)
Step 105900: loss = 0.0035 (0.621 sec)
Step 106000: loss = 0.0018 (0.557 sec)
Step 106100: loss = 0.0031 (0.599 sec)
Step 106200: loss = 0.0008 (0.583 sec)
Step 106300: loss = 0.0832 (0.706 sec)
Step 106400: loss = 3.0864 (0.616 sec)
Step 106500: loss = 0.0006 (0.597 sec)
Step 106600: loss = 0.1335 (0.656 sec)
Step 106700: loss = 0.0106 (0.674 sec)
Step 106800: loss = 0.0167 (0.646 sec)
Step 106900: loss = 0.3629 (0.679 sec)
Step 107000: loss = 0.3809 (0.661 sec)
Step 107100: loss = 0.0237 (0.613 sec)
Step 107200: loss = 1.4076 (0.643 sec)
Step 107300: loss = 0.0056 (0.665 sec)
Starting on epoch 59
Step 107400: loss = 1.9098 (0.506 sec)
Step 107500: loss = 0.0040 (0.534 sec)
Step 107600: loss = 0.0393 (0.612 sec)
Step 107700: loss = 0.7704 (0.640 sec)
Step 107800: loss = 0.0781 (0.609 sec)
Step 107900: loss = 0.1775 (0.568 sec)
Step 108000: loss = 0.0063 (0.647 sec)
Step 108100: loss = 0.0044 (0.652 sec)
Step 108200: loss = 0.0002 (0.566 sec)
Step 108300: loss = 0.0002 (0.663 sec)
Step 108400: loss = 0.0001 (0.635 sec)
Step 108500: loss = 0.9602 (0.603 sec)
Step 108600: loss = 0.0091 (0.663 sec)
Step 108700: loss = 0.2670 (0.612 sec)
Step 108800: loss = 0.4009 (0.640 sec)
Step 108900: loss = 1.3095 (0.584 sec)
Step 109000: loss = 2.2417 (0.623 sec)
Step 109100: loss = 0.0094 (0.599 sec)
Starting on epoch 60
Step 109200: loss = 0.0014 (0.537 sec)
Step 109300: loss = 0.0153 (0.645 sec)
Step 109400: loss = 0.0581 (0.572 sec)
Step 109500: loss = 6.0505 (0.539 sec)
Step 109600: loss = 0.0977 (0.594 sec)
Step 109700: loss = 0.3515 (0.620 sec)
Step 109800: loss = 0.0041 (0.612 sec)
Step 109900: loss = 0.0061 (0.659 sec)
Step 110000: loss = 0.0051 (0.595 sec)
Step 110100: loss = 0.2445 (0.520 sec)
Step 110200: loss = 0.0014 (0.619 sec)
Step 110300: loss = 0.1663 (0.569 sec)
Step 110400: loss = 0.0171 (0.654 sec)
Step 110500: loss = 0.0044 (0.581 sec)
Step 110600: loss = 0.1074 (0.602 sec)
Step 110700: loss = 0.0027 (0.679 sec)
Step 110800: loss = 0.1359 (0.585 sec)
Step 110900: loss = 0.7849 (0.640 sec)
Step 111000: loss = 0.0297 (0.664 sec)
Starting on epoch 61
Step 111100: loss = 0.0005 (0.558 sec)
Step 111200: loss = 0.2175 (0.498 sec)
Step 111300: loss = 1.0796 (0.563 sec)
Step 111400: loss = 5.1968 (0.602 sec)
Step 111500: loss = 0.7627 (0.576 sec)
Step 111600: loss = 0.0025 (0.607 sec)
Step 111700: loss = 0.0048 (0.625 sec)
Step 111800: loss = 0.1185 (0.645 sec)
Step 111900: loss = 0.0001 (0.650 sec)
Step 112000: loss = 0.0014 (0.628 sec)
Step 112100: loss = 0.0001 (0.573 sec)
Step 112200: loss = 0.0009 (0.660 sec)
Step 112300: loss = 0.0257 (0.630 sec)
Step 112400: loss = 0.0028 (0.611 sec)
Step 112500: loss = 0.0145 (0.593 sec)
Step 112600: loss = 3.0391 (0.624 sec)
Step 112700: loss = 0.0927 (0.675 sec)
Step 112800: loss = 0.0475 (0.630 sec)
Starting on epoch 62
Step 112900: loss = 0.0005 (0.534 sec)
Step 113000: loss = 0.2590 (0.442 sec)
Step 113100: loss = 2.8786 (0.600 sec)
Step 113200: loss = 0.0271 (0.516 sec)
Step 113300: loss = 0.0171 (0.543 sec)
Step 113400: loss = 0.0679 (0.617 sec)
Step 113500: loss = 0.0016 (0.616 sec)
Step 113600: loss = 0.0062 (0.589 sec)
Step 113700: loss = 0.2922 (0.635 sec)
Step 113800: loss = 0.0176 (0.628 sec)
Step 113900: loss = 0.0005 (0.617 sec)
Step 114000: loss = 1.1169 (0.671 sec)
Step 114100: loss = 0.0141 (0.602 sec)
Step 114200: loss = 1.3438 (0.642 sec)
Step 114300: loss = 0.0108 (0.638 sec)
Step 114400: loss = 0.0837 (0.593 sec)
Step 114500: loss = 0.0103 (0.622 sec)
Step 114600: loss = 0.0073 (0.647 sec)
Starting on epoch 63
Step 114700: loss = 0.0004 (0.556 sec)
Step 114800: loss = 0.0012 (0.558 sec)
Step 114900: loss = 0.0005 (0.626 sec)
Step 115000: loss = 0.0148 (0.586 sec)
Step 115100: loss = 0.0450 (0.628 sec)
Step 115200: loss = 0.0138 (0.618 sec)
Step 115300: loss = 0.0017 (0.604 sec)
Step 115400: loss = 0.0006 (0.624 sec)
Step 115500: loss = 0.0066 (0.634 sec)
Step 115600: loss = 0.0003 (0.571 sec)
Step 115700: loss = 0.0013 (0.578 sec)
Step 115800: loss = 0.0002 (0.641 sec)
Step 115900: loss = 0.2873 (0.674 sec)
Step 116000: loss = 0.4081 (0.676 sec)
Step 116100: loss = 0.0185 (0.644 sec)
Step 116200: loss = 0.0052 (0.555 sec)
Step 116300: loss = 0.0129 (0.645 sec)
Step 116400: loss = 0.0004 (0.707 sec)
Starting on epoch 64
Step 116500: loss = 0.1698 (0.555 sec)
Step 116600: loss = 0.5707 (0.569 sec)
Step 116700: loss = 0.0268 (0.624 sec)
Step 116800: loss = 0.0175 (0.535 sec)
Step 116900: loss = 0.0373 (0.572 sec)
Step 117000: loss = 0.0253 (0.631 sec)
Step 117100: loss = 7.5164 (0.651 sec)
Step 117200: loss = 0.0068 (0.627 sec)
Step 117300: loss = 0.0029 (0.552 sec)
Step 117400: loss = 0.3403 (0.622 sec)
Step 117500: loss = 0.0020 (0.700 sec)
Step 117600: loss = 0.0002 (0.615 sec)
Step 117700: loss = 0.0068 (0.594 sec)
Step 117800: loss = 0.0007 (0.617 sec)
Step 117900: loss = 1.2338 (0.686 sec)
Step 118000: loss = 0.0080 (0.576 sec)
Step 118100: loss = 0.0002 (0.708 sec)
Step 118200: loss = 0.0644 (0.614 sec)
Starting on epoch 65
Step 118300: loss = 0.8235 (0.606 sec)
Step 118400: loss = 0.0020 (0.562 sec)
Step 118500: loss = 0.0005 (0.521 sec)
Step 118600: loss = 0.0015 (0.555 sec)
Step 118700: loss = 0.0030 (0.498 sec)
Step 118800: loss = 0.0111 (0.599 sec)
Step 118900: loss = 0.0000 (0.616 sec)
Step 119000: loss = 0.0011 (0.660 sec)
Step 119100: loss = 0.0309 (0.614 sec)
Step 119200: loss = 0.0164 (0.650 sec)
Step 119300: loss = 0.0044 (0.625 sec)
Step 119400: loss = 0.0017 (0.555 sec)
Step 119500: loss = 0.1610 (0.649 sec)
Step 119600: loss = 0.0670 (0.630 sec)
Step 119700: loss = 0.0004 (0.581 sec)
Step 119800: loss = 0.0665 (0.632 sec)
Step 119900: loss = 0.0076 (0.636 sec)
Saving on  FoxA1_train_infC/checkpoints/checkpoint_k0
Training Data Eval:
Finished evaluating an epoch
  Num examples: 116475  Num correct: 103511  Precision @ 1: 0.8887
Time of completion: 2016-09-30 14:40:41.610302
