I tensorflow/stream_executor/dso_loader.cc:111] successfully opened CUDA library libcublas.so.8.0 locally
I tensorflow/stream_executor/dso_loader.cc:111] successfully opened CUDA library libcudnn.so.5 locally
I tensorflow/stream_executor/dso_loader.cc:111] successfully opened CUDA library libcufft.so.8.0 locally
I tensorflow/stream_executor/dso_loader.cc:111] successfully opened CUDA library libcuda.so.1 locally
I tensorflow/stream_executor/dso_loader.cc:111] successfully opened CUDA library libcurand.so.8.0 locally
Save directory: REST_train_infC
Mode is train
Training file indices file: REST_train_infC/REST.train.peaks.h5
Drawing preprocessed data from REST_train_infC/REST.train_cache.h5
Opening HDF5 data file: REST_train_infC/REST.train_cache.h5
Running training from cached data
Current mode is train
Total fc1 input vector length: 24150
Tensor("dna_max_pool1/Reshape:0", shape=(?, 7200), dtype=float32)
Tensor("dna_shape_max_pool1/Reshape:0", shape=(?, 4800), dtype=float32)
Tensor("dnase_max_pool1/Reshape:0", shape=(?, 12150), dtype=float32)
I tensorflow/stream_executor/cuda/cuda_gpu_executor.cc:925] successful NUMA node read from SysFS had negative value (-1), but there must be at least one NUMA node, so returning NUMA node zero
I tensorflow/core/common_runtime/gpu/gpu_device.cc:951] Found device 0 with properties: 
name: GeForce GTX 1060 6GB
major: 6 minor: 1 memoryClockRate (GHz) 1.7845
pciBusID 0000:01:00.0
Total memory: 5.92GiB
Free memory: 5.39GiB
I tensorflow/core/common_runtime/gpu/gpu_device.cc:972] DMA: 0 
I tensorflow/core/common_runtime/gpu/gpu_device.cc:982] 0:   Y 
I tensorflow/core/common_runtime/gpu/gpu_device.cc:1041] Creating TensorFlow device (/gpu:0) -> (device: 0, name: GeForce GTX 1060 6GB, pci bus id: 0000:01:00.0)
Initalizing variables for graph
No checkpoint found
Running training mode...
Step 0: loss = -0.0000 pull (0.000 sec),gpu (1.028 sec)
Step 100: loss = -0.0000 pull (0.000 sec),gpu (0.018 sec)
Step 200: loss = -0.0000 pull (0.000 sec),gpu (0.018 sec)
Step 300: loss = -0.0000 pull (0.000 sec),gpu (0.018 sec)
Step 400: loss = -0.0000 pull (0.000 sec),gpu (0.018 sec)
Step 500: loss = -0.0000 pull (0.000 sec),gpu (0.018 sec)
